<?xml version="1.0" encoding="UTF-8"?>
<!-- Generated by org.testng.reporters.JUnitXMLReporter -->
<testsuite ignored="0" hostname="LAPTOP-LBKTQD0G" failures="1" tests="1" name="ProductTest" time="122.906" errors="0" timestamp="2024-04-03T14:28:49 IST">
  <testcase classname="testpkg.ProductPageTest" name="productPageTest" time="77.987">
    <failure type="java.lang.AssertionError" message="expected [6] but found [5]">
      <![CDATA[java.lang.AssertionError: expected [6] but found [5]
at pagepkg.ProductPage.noOfCartItems(ProductPage.java:78)
at testpkg.ProductPageTest.productPageTest(ProductPageTest.java:17)
at java.base/java.util.ArrayList.forEach(ArrayList.java:1511)
... Removed 33 stack frames]]>
    </failure>
  </testcase> <!-- productPageTest -->
</testsuite> <!-- ProductTest -->
